<?xml version="1.0" encoding="UTF-8"?>
<!-- Generated by org.testng.reporters.JUnitReportReporter -->
<testsuite hostname="DESKTOP-U0B0UPK" failures="0" tests="1" name="testindex" time="5.072" errors="0" timestamp="2024-06-02T17:01:52 CST" skipped="0">
  <testcase classname="testindex" name="TestAPI" time="5.072"/>
</testsuite> <!-- testindex -->
